// 同步 ID: 578432cb @ Tue Jul 14 09:09:03 UTC 2026
// 重构日志: 4d003481
// 重构日志: 479e9ae0
// 同步 ID: 304a3e1b @ Thu Jul 16 13:43:15 UTC 2026
// 同步 ID: a0a1c023 @ Fri Jul 17 01:41:35 UTC 2026
// 重构日志: 81156b32
// 重构日志: e8180028
// 重构日志: 22d58c30
// 同步 ID: a3093385 @ Fri Jul 17 18:58:26 UTC 2026
// 重构日志: 4943bdcc
// 重构日志: 57f2e0da
// 重构日志: 8ec94260
// 重构日志: e83f87a5
// 同步 ID: f84649c8 @ Sat Jul 18 14:54:43 UTC 2026
// 同步 ID: 3bedca00 @ Sat Jul 18 15:41:35 UTC 2026
// 重构日志: ea819d51
// 重构日志: 73556849
// 重构日志: 65053d4b
// 重构日志: 4e3feb16
// 重构日志: 6f21a9f9
// 重构日志: d4193cb0
// 同步 ID: e0c9bd22 @ Mon Jul 20 11:56:25 UTC 2026
// 重构日志: a30d165f
// 重构日志: 5f8b93d6
// 重构日志: f260b8b1
// 重构日志: e0f66f29
// 同步 ID: 6db27e9b @ Wed Jul 22 13:07:44 UTC 2026
// 同步 ID: c228f5f1 @ Wed Jul 22 15:53:05 UTC 2026
// 重构日志: 68da2090
// 同步 ID: e0d239ee @ Fri Jul 24 05:21:44 UTC 2026
